SF:lib\src\http_client.dart
DA:33,1
DA:39,0
DA:40,0
DA:42,3
DA:50,3
DA:53,4
DA:54,1
DA:55,1
DA:57,0
DA:81,1
DA:87,3
DA:89,2
DA:95,0
DA:96,0
DA:99,0
DA:100,1
DA:101,0
DA:102,0
DA:103,0
DA:105,0
DA:107,0
DA:122,1
DA:129,2
DA:130,1
DA:133,2
DA:140,0
DA:141,0
DA:143,0
DA:144,1
DA:145,0
DA:146,0
DA:147,0
DA:149,0
DA:151,0
DA:166,1
DA:173,2
DA:174,1
DA:177,2
DA:184,0
DA:185,0
DA:187,0
DA:188,1
DA:189,0
DA:190,0
DA:191,0
DA:193,0
DA:195,0
DA:210,1
DA:217,2
DA:218,1
DA:221,2
DA:228,0
DA:229,0
DA:231,0
DA:232,1
DA:233,0
DA:234,0
DA:235,0
DA:237,0
DA:239,0
LF:60
LH:25
end_of_record
SF:lib\src\interceptors\auth_interceptor.dart
DA:16,1
DA:27,1
DA:32,2
DA:34,1
DA:35,3
DA:39,1
LF:6
LH:6
end_of_record
SF:lib\src\interceptors\error_interceptor.dart
DA:9,1
DA:13,1
DA:14,1
DA:15,1
DA:16,1
DA:17,1
DA:20,1
DA:22,2
DA:23,2
DA:26,1
DA:27,1
DA:32,1
DA:33,1
DA:38,1
DA:39,1
DA:40,1
DA:41,1
DA:42,1
DA:43,1
DA:44,1
DA:45,1
DA:46,1
DA:47,1
DA:49,1
DA:50,1
DA:54,1
DA:58,1
DA:62,1
DA:64,2
DA:68,1
DA:69,1
DA:76,1
DA:77,1
DA:78,1
DA:79,1
DA:80,1
DA:88,1
DA:91,1
DA:93,3
DA:94,0
DA:95,0
DA:96,0
DA:101,1
DA:102,2
DA:103,1
DA:105,1
DA:106,2
DA:107,1
DA:109,1
DA:110,2
DA:111,1
DA:113,1
LF:52
LH:49
end_of_record
SF:lib\src\adapters\http_adapter_io.dart
DA:5,2
LF:1
LH:1
end_of_record
